<?xml version="1.0" encoding="UTF-8"?>
<!-- Generated by org.testng.reporters.JUnitReportReporter -->
<testsuite hostname="Harinder" failures="0" tests="1" name="com.HarinderKaur.RestAutomation.UniversityApiTests" time="2.152" errors="0" timestamp="2024-05-06T14:48:23 EDT" skipped="0">
  <testcase classname="com.HarinderKaur.RestAutomation.UniversityApiTests" name="testHappyPath" time="2.152"/>
  <system-out/>
</testsuite> <!-- com.HarinderKaur.RestAutomation.UniversityApiTests -->
